vie sep 14 09:20:01 -05 2018
/media/nicolas/Home/Jupyter/Soraya/git/Alarmas/06_Crones
2018-09-14 09:20:data_base_query:3.9 sec
Est 1: No hay datos en los ultimos 5 min... o son cero.
Est 12: No hay datos en los ultimos 5 min... o son cero.
Est 121: No hay datos en los ultimos 5 min... o son cero.
Est 14: No hay datos en los ultimos 5 min... o son cero.
Est 18: No hay datos en los ultimos 5 min... o son cero.
Ninguna estacion de nivel supera el N1.
Ninguna estacion de nivel supera el N1.
Ninguna estacion de nivel supera el N1.
Ninguna estacion de nivel supera el N1.
Est 29: No hay datos en los ultimos 5 min... o son cero.
Est 3: No hay datos en los ultimos 5 min... o son cero.
Est 33: No hay datos en los ultimos 5 min... o son cero.
Est 37: No hay datos en los ultimos 5 min... o son cero.
Ninguna estacion de nivel supera el N1.
Est 48: No hay datos en los ultimos 5 min... o son cero.
Est 61: No hay datos en los ultimos 5 min... o son cero.
Est 74: No hay datos en los ultimos 5 min... o son cero.
Est 8: No hay datos en los ultimos 5 min... o son cero.
Est 89: No hay datos en los ultimos 5 min... o son cero.
Est 9: No hay datos en los ultimos 5 min... o son cero.
2018-09-14 09:20:plots_vs_History:5.3 sec
